<?xml version="1.0" encoding="UTF-8"?>
<!-- Generated by org.testng.reporters.JUnitReportReporter -->
<testsuite hostname="VBCDA-012" name="demo.Demo1_test" tests="1" failures="0" timestamp="15 Jul 2020 13:18:05 GMT" time="6.112" errors="0">
  <testcase name="getWeatherDetails" time="6.112" classname="demo.Demo1_test"/>
</testsuite> <!-- demo.Demo1_test -->
